<?xml version="1.0" encoding="UTF-8"?>
<!-- Generated by org.testng.reporters.JUnitReportReporter -->
<testsuite hostname="Mahesh_Babu" failures="0" tests="4" name="tests.ProductFlowTest" time="45.791" errors="0" timestamp="2025-09-08T11:44:50 IST" skipped="0">
  <testcase classname="tests.ProductFlowTest" name="verifyProductsPageTitle" time="7.424"/>
  <testcase classname="tests.ProductFlowTest" name="verifyProductDetailsPage" time="7.784"/>
  <testcase classname="tests.ProductFlowTest" name="shoppingFlowWithLogin" time="15.602"/>
  <testcase classname="tests.ProductFlowTest" name="completeCheckoutFlow" time="14.981"/>
</testsuite> <!-- tests.ProductFlowTest -->
