<?xml version="1.0" encoding="UTF-8"?>
<!-- Generated by org.testng.reporters.JUnitReportReporter -->
<testsuite hostname="Mahesh_Babu" failures="0" tests="3" name="tests.RegisterTest" time="46.407" errors="0" timestamp="2025-09-08T10:39:38 IST" skipped="0">
  <testcase classname="tests.RegisterTest" name="testRegisterPositive" time="33.330"/>
  <testcase classname="tests.RegisterTest" name="testRegisterNegative" time="9.212"/>
  <testcase classname="tests.RegisterTest" name="testRegisterEmptyFields" time="3.865"/>
</testsuite> <!-- tests.RegisterTest -->
