<?xml version="1.0" encoding="UTF-8"?>
<!-- Generated by org.testng.reporters.JUnitReportReporter -->
<testsuite hostname="Mahesh_Babu" failures="0" tests="4" name="tests.LoginTest" time="29.915" errors="0" timestamp="2025-09-08T12:01:19 IST" skipped="0">
  <testcase classname="tests.LoginTest" name="verifyLoginPageTitle" time="7.379"/>
  <testcase classname="tests.LoginTest" name="testLoginPositive" time="11.027"/>
  <testcase classname="tests.LoginTest" name="testLoginNegative" time="6.546"/>
  <testcase classname="tests.LoginTest" name="testLoginEmpty" time="4.963"/>
</testsuite> <!-- tests.LoginTest -->
