<?xml version="1.0" encoding="UTF-8"?>
<!-- Generated by org.testng.reporters.JUnitReportReporter -->
<testsuite hostname="Mahesh_Babu" failures="0" tests="1" name="runners.TestRunner" time="6.670" errors="0" timestamp="2025-09-08T06:38:06 IST" skipped="0">
  <testcase classname="runners.TestRunner" name="runScenario" time="6.670"/>
</testsuite> <!-- runners.TestRunner -->
