<?xml version="1.0" encoding="UTF-8"?>
<!-- Generated by org.testng.reporters.JUnitReportReporter -->
<testsuite hostname="Mahesh_Babu" failures="0" tests="4" name="tests.LoginTest" time="63.469" errors="0" timestamp="2025-09-08T14:30:25 IST" skipped="0">
  <testcase classname="tests.LoginTest" name="verifyLoginPageTitle" time="34.423"/>
  <testcase classname="tests.LoginTest" name="testLoginPositive" time="18.230"/>
  <testcase classname="tests.LoginTest" name="testLoginNegative" time="6.176"/>
  <testcase classname="tests.LoginTest" name="testLoginEmpty" time="4.640"/>
</testsuite> <!-- tests.LoginTest -->
