<?xml version="1.0" encoding="UTF-8"?>
<!-- Generated by org.testng.reporters.JUnitReportReporter -->
<testsuite hostname="Mahesh_Babu" failures="0" tests="4" name="tests.LoginTest" time="29.575" errors="0" timestamp="2025-09-08T11:44:50 IST" skipped="0">
  <testcase classname="tests.LoginTest" name="verifyLoginPageTitle" time="6.436"/>
  <testcase classname="tests.LoginTest" name="testLoginPositive" time="10.582"/>
  <testcase classname="tests.LoginTest" name="testLoginNegative" time="6.495"/>
  <testcase classname="tests.LoginTest" name="testLoginEmpty" time="6.062"/>
</testsuite> <!-- tests.LoginTest -->
