<?xml version="1.0" encoding="UTF-8"?>
<!-- Generated by org.testng.reporters.JUnitReportReporter -->
<testsuite hostname="Mahesh_Babu" failures="0" tests="4" name="tests.ProductFlowTest" time="41.695" errors="0" timestamp="2025-09-08T10:39:38 IST" skipped="0">
  <testcase classname="tests.ProductFlowTest" name="verifyProductsPageTitle" time="4.921"/>
  <testcase classname="tests.ProductFlowTest" name="verifyProductDetailsPage" time="6.222"/>
  <testcase classname="tests.ProductFlowTest" name="shoppingFlowWithLogin" time="14.000"/>
  <testcase classname="tests.ProductFlowTest" name="completeCheckoutFlow" time="16.552"/>
</testsuite> <!-- tests.ProductFlowTest -->
