<?xml version="1.0" encoding="UTF-8"?>
<!-- Generated by org.testng.reporters.JUnitReportReporter -->
<testsuite hostname="Mahesh_Babu" failures="0" tests="9" name="tests.ContactUsTest" time="43.011" errors="0" timestamp="2025-09-08T12:38:18 IST" skipped="0">
  <testcase classname="tests.ContactUsTest" name="verifyContactUsPageLoad" time="4.291"/>
  <testcase classname="tests.ContactUsTest" name="verifyContactUsPageLoad" time="2.576"/>
  <testcase classname="tests.ContactUsTest" name="verifyContactUsPageLoad" time="2.055"/>
  <testcase classname="tests.ContactUsTest" name="testSubmitContactFormWithFile" time="5.518"/>
  <testcase classname="tests.ContactUsTest" name="testSubmitContactFormWithFile" time="3.165"/>
  <testcase classname="tests.ContactUsTest" name="testSubmitContactFormWithFile" time="6.769"/>
  <testcase classname="tests.ContactUsTest" name="verifyYouTubeChannelLoad" time="8.743"/>
  <testcase classname="tests.ContactUsTest" name="verifyYouTubeChannelLoad" time="3.838"/>
  <testcase classname="tests.ContactUsTest" name="verifyYouTubeChannelLoad" time="6.056"/>
</testsuite> <!-- tests.ContactUsTest -->
