<?xml version="1.0" encoding="UTF-8"?>
<!-- Generated by org.testng.reporters.JUnitReportReporter -->
<testsuite hostname="Mahesh_Babu" failures="0" tests="3" name="tests.RegisterTest" time="52.243" errors="0" timestamp="2025-09-08T07:04:50 IST" skipped="0">
  <testcase classname="tests.RegisterTest" name="testRegisterPositive" time="28.620"/>
  <testcase classname="tests.RegisterTest" name="testRegisterNegative" time="5.582"/>
  <testcase classname="tests.RegisterTest" name="testRegisterEmptyFields" time="18.041"/>
</testsuite> <!-- tests.RegisterTest -->
