<?xml version="1.0" encoding="UTF-8"?>
<!-- Generated by org.testng.reporters.JUnitReportReporter -->
<testsuite hostname="Mahesh_Babu" failures="0" tests="2" name="testrunners.TestRunner" time="14.674" errors="0" timestamp="2025-09-04T11:10:07 IST" skipped="0">
  <testcase classname="testrunners.TestRunner" name="runScenario" time="6.265"/>
  <testcase classname="testrunners.TestRunner" name="runScenario" time="8.409"/>
</testsuite> <!-- testrunners.TestRunner -->
