<?xml version="1.0" encoding="UTF-8"?>
<!-- Generated by org.testng.reporters.JUnitReportReporter -->
<testsuite hostname="Mahesh_Babu" failures="0" tests="1" name="tests.ContactUsTest" time="2.749" errors="0" timestamp="2025-09-08T11:44:50 IST" skipped="0">
  <testcase classname="tests.ContactUsTest" name="testSubmitContactFormWithFile" time="2.749"/>
</testsuite> <!-- tests.ContactUsTest -->
