<?xml version="1.0" encoding="UTF-8"?>
<!-- Generated by org.testng.reporters.JUnitReportReporter -->
<testsuite hostname="Mahesh_Babu" failures="0" tests="3" name="tests.LoginTest" time="81.377" errors="0" timestamp="2025-09-08T10:39:38 IST" skipped="0">
  <testcase classname="tests.LoginTest" name="testLoginPositive" time="71.691"/>
  <testcase classname="tests.LoginTest" name="testLoginNegative" time="6.342"/>
  <testcase classname="tests.LoginTest" name="testLoginEmpty" time="3.344"/>
</testsuite> <!-- tests.LoginTest -->
