<?xml version="1.0" encoding="UTF-8"?>
<!-- Generated by org.testng.reporters.JUnitReportReporter -->
<testsuite hostname="Mahesh_Babu" failures="0" tests="3" name="tests.LoginTest" time="17.706" errors="0" timestamp="2025-09-08T07:04:50 IST" skipped="0">
  <testcase classname="tests.LoginTest" name="testLoginPositive" time="8.927"/>
  <testcase classname="tests.LoginTest" name="testLoginNegative" time="4.849"/>
  <testcase classname="tests.LoginTest" name="testLoginEmpty" time="3.930"/>
</testsuite> <!-- tests.LoginTest -->
