<?xml version="1.0" encoding="UTF-8"?>
<!-- Generated by org.testng.reporters.JUnitReportReporter -->
<testsuite hostname="Mahesh_Babu" failures="0" tests="3" name="tests.ContactUsTest" time="9.339" errors="0" timestamp="2025-09-08T14:30:25 IST" skipped="0">
  <testcase classname="tests.ContactUsTest" name="verifyContactUsPageLoad" time="2.115"/>
  <testcase classname="tests.ContactUsTest" name="testSubmitContactFormWithFile" time="3.900"/>
  <testcase classname="tests.ContactUsTest" name="verifyYouTubeChannelLoad" time="3.324"/>
</testsuite> <!-- tests.ContactUsTest -->
